<?xml version="1.0" encoding="UTF-8"?>
<coverage generated="1675616028790" clover="3.2.0">
  <project timestamp="1675616028790" name="All files">
    <metrics statements="17" coveredstatements="17" conditionals="8" coveredconditionals="7" methods="10" coveredmethods="10" elements="35" coveredelements="34" complexity="0" loc="17" ncloc="17" packages="1" files="1" classes="1"/>
    <file name="cart.js" path="/Users/poonamverma/Documents/Retail Inventory Management System/ycompany-rimss/client/modules/app_shell/src/helpers/cart.js">
      <metrics statements="17" coveredstatements="17" conditionals="8" coveredconditionals="7" methods="10" coveredmethods="10"/>
      <line num="1" count="1" type="stmt"/>
      <line num="2" count="2" type="stmt"/>
      <line num="3" count="2" type="stmt"/>
      <line num="6" count="2" type="cond" truecount="2" falsecount="0"/>
      <line num="7" count="1" type="stmt"/>
      <line num="8" count="1" type="cond" truecount="1" falsecount="1"/>
      <line num="13" count="1" type="stmt"/>
      <line num="16" count="1" type="stmt"/>
      <line num="17" count="2" type="cond" truecount="2" falsecount="0"/>
      <line num="18" count="1" type="stmt"/>
      <line num="19" count="1" type="stmt"/>
      <line num="22" count="1" type="stmt"/>
      <line num="23" count="2" type="cond" truecount="2" falsecount="0"/>
      <line num="29" count="1" type="stmt"/>
      <line num="30" count="2" type="stmt"/>
      <line num="33" count="1" type="stmt"/>
      <line num="34" count="2" type="stmt"/>
    </file>
  </project>
</coverage>
