{"/Users/poonamverma/Documents/Retail Inventory Management System/ycompany-rimss/client/modules/app_shell/src/helpers/cart.js": {"path":"/Users/poonamverma/Documents/Retail Inventory Management System/ycompany-rimss/client/modules/app_shell/src/helpers/cart.js","statementMap":{"0":{"start":{"line":1,"column":29},"end":{"line":14,"column":1}},"1":{"start":{"line":2,"column":28},"end":{"line":4,"column":3}},"2":{"start":{"line":3,"column":18},"end":{"line":3,"column":51}},"3":{"start":{"line":6,"column":2},"end":{"line":12,"column":3}},"4":{"start":{"line":7,"column":4},"end":{"line":11,"column":6}},"5":{"start":{"line":8,"column":6},"end":{"line":10,"column":14}},"6":{"start":{"line":13,"column":2},"end":{"line":13,"column":58}},"7":{"start":{"line":16,"column":34},"end":{"line":27,"column":1}},"8":{"start":{"line":17,"column":2},"end":{"line":21,"column":3}},"9":{"start":{"line":18,"column":4},"end":{"line":20,"column":6}},"10":{"start":{"line":19,"column":20},"end":{"line":19,"column":57}},"11":{"start":{"line":22,"column":2},"end":{"line":26,"column":4}},"12":{"start":{"line":23,"column":4},"end":{"line":25,"column":12}},"13":{"start":{"line":29,"column":30},"end":{"line":31,"column":1}},"14":{"start":{"line":30,"column":2},"end":{"line":30,"column":51}},"15":{"start":{"line":30,"column":39},"end":{"line":30,"column":49}},"16":{"start":{"line":33,"column":33},"end":{"line":34,"column":76}},"17":{"start":{"line":34,"column":2},"end":{"line":34,"column":76}},"18":{"start":{"line":34,"column":50},"end":{"line":34,"column":72}}},"fnMap":{"0":{"name":"(anonymous_0)","decl":{"start":{"line":1,"column":29},"end":{"line":1,"column":30}},"loc":{"start":{"line":1,"column":62},"end":{"line":14,"column":1}},"line":1},"1":{"name":"(anonymous_1)","decl":{"start":{"line":3,"column":4},"end":{"line":3,"column":5}},"loc":{"start":{"line":3,"column":18},"end":{"line":3,"column":51}},"line":3},"2":{"name":"(anonymous_2)","decl":{"start":{"line":7,"column":25},"end":{"line":7,"column":26}},"loc":{"start":{"line":8,"column":6},"end":{"line":10,"column":14}},"line":8},"3":{"name":"(anonymous_3)","decl":{"start":{"line":16,"column":34},"end":{"line":16,"column":35}},"loc":{"start":{"line":16,"column":71},"end":{"line":27,"column":1}},"line":16},"4":{"name":"(anonymous_4)","decl":{"start":{"line":19,"column":6},"end":{"line":19,"column":7}},"loc":{"start":{"line":19,"column":20},"end":{"line":19,"column":57}},"line":19},"5":{"name":"(anonymous_5)","decl":{"start":{"line":22,"column":23},"end":{"line":22,"column":24}},"loc":{"start":{"line":23,"column":4},"end":{"line":25,"column":12}},"line":23},"6":{"name":"(anonymous_6)","decl":{"start":{"line":29,"column":30},"end":{"line":29,"column":31}},"loc":{"start":{"line":29,"column":53},"end":{"line":31,"column":1}},"line":29},"7":{"name":"(anonymous_7)","decl":{"start":{"line":30,"column":26},"end":{"line":30,"column":27}},"loc":{"start":{"line":30,"column":39},"end":{"line":30,"column":49}},"line":30},"8":{"name":"(anonymous_8)","decl":{"start":{"line":33,"column":33},"end":{"line":33,"column":34}},"loc":{"start":{"line":34,"column":2},"end":{"line":34,"column":76}},"line":34},"9":{"name":"(anonymous_9)","decl":{"start":{"line":34,"column":19},"end":{"line":34,"column":20}},"loc":{"start":{"line":34,"column":50},"end":{"line":34,"column":72}},"line":34}},"branchMap":{"0":{"loc":{"start":{"line":6,"column":2},"end":{"line":12,"column":3}},"type":"if","locations":[{"start":{"line":6,"column":2},"end":{"line":12,"column":3}},{"start":{},"end":{}}],"line":6},"1":{"loc":{"start":{"line":8,"column":6},"end":{"line":10,"column":14}},"type":"cond-expr","locations":[{"start":{"line":9,"column":10},"end":{"line":9,"column":50}},{"start":{"line":10,"column":10},"end":{"line":10,"column":14}}],"line":8},"2":{"loc":{"start":{"line":17,"column":2},"end":{"line":21,"column":3}},"type":"if","locations":[{"start":{"line":17,"column":2},"end":{"line":21,"column":3}},{"start":{},"end":{}}],"line":17},"3":{"loc":{"start":{"line":23,"column":4},"end":{"line":25,"column":12}},"type":"cond-expr","locations":[{"start":{"line":24,"column":8},"end":{"line":24,"column":48}},{"start":{"line":25,"column":8},"end":{"line":25,"column":12}}],"line":23}},"s":{"0":1,"1":2,"2":2,"3":2,"4":1,"5":1,"6":1,"7":1,"8":2,"9":1,"10":1,"11":1,"12":2,"13":1,"14":1,"15":2,"16":1,"17":1,"18":2},"f":{"0":2,"1":2,"2":1,"3":2,"4":1,"5":2,"6":1,"7":2,"8":1,"9":2},"b":{"0":[1,1],"1":[1,0],"2":[1,1],"3":[1,1]},"_coverageSchema":"1a1c01bbd47fc00a2c39e90264f33305004495a9","hash":"476a10c69c67749a5aad989473cacb20aad2289c"}
}
