{"/Users/poonamverma/Documents/Retail Inventory Management System/ycompany-rimss/client/modules/cart/src/helpers/index.js": {"path":"/Users/poonamverma/Documents/Retail Inventory Management System/ycompany-rimss/client/modules/cart/src/helpers/index.js","statementMap":{"0":{"start":{"line":1,"column":33},"end":{"line":5,"column":1}},"1":{"start":{"line":2,"column":2},"end":{"line":4,"column":8}},"2":{"start":{"line":3,"column":4},"end":{"line":3,"column":34}}},"fnMap":{"0":{"name":"(anonymous_0)","decl":{"start":{"line":1,"column":33},"end":{"line":1,"column":34}},"loc":{"start":{"line":1,"column":48},"end":{"line":5,"column":1}},"line":1},"1":{"name":"(anonymous_1)","decl":{"start":{"line":2,"column":26},"end":{"line":2,"column":27}},"loc":{"start":{"line":2,"column":56},"end":{"line":4,"column":3}},"line":2}},"branchMap":{},"s":{"0":1,"1":1,"2":2},"f":{"0":1,"1":2},"b":{},"_coverageSchema":"1a1c01bbd47fc00a2c39e90264f33305004495a9","hash":"51058830ca97b4884553181d1fb36aa6a0c15939"}
}
